<?xml version="1.0" encoding="UTF-8"?>
<!-- Generated by org.testng.reporters.JUnitReportReporter -->
<testsuite hostname="LAPTOP-M19S2UE7" failures="0" tests="2" name="com.testng.Example" time="0.014" errors="0" timestamp="2024-07-01T00:51:00 IST" skipped="0">
  <testcase classname="com.testng.Example" name="test2" time="0.004"/>
  <system-out/>
  <testcase classname="com.testng.Example" name="test1" time="0.010"/>
  <system-out/>
</testsuite> <!-- com.testng.Example -->
