<?xml version="1.0" encoding="UTF-8"?>
<!-- Generated by org.testng.reporters.JUnitReportReporter -->
<testsuite hostname="LAPTOP-M19S2UE7" failures="0" tests="3" name="com.testng.TestNGAttributes" time="0.014" errors="0" timestamp="2024-07-06T23:07:44 IST" skipped="0">
  <testcase classname="com.testng.TestNGAttributes" name="test3" time="0.001"/>
  <system-out/>
  <testcase classname="com.testng.TestNGAttributes" name="test2" time="0.011"/>
  <system-out/>
  <testcase classname="com.testng.TestNGAttributes" name="test1" time="0.002"/>
  <system-out/>
</testsuite> <!-- com.testng.TestNGAttributes -->
