<?xml version="1.0" encoding="UTF-8"?>
<!-- Generated by org.testng.reporters.JUnitReportReporter -->
<testsuite hostname="LAPTOP-M19S2UE7" failures="0" tests="2" name="com.testng.Example1" time="0.012" errors="0" timestamp="2024-07-01T00:51:27 IST" skipped="0">
  <testcase classname="com.testng.Example1" name="display" time="0.010"/>
  <system-out/>
  <testcase classname="com.testng.Example1" name="show" time="0.002"/>
  <system-out/>
</testsuite> <!-- com.testng.Example1 -->
